<?xml version="1.0" encoding="UTF-8"?>
<!-- Generated by org.testng.reporters.JUnitXMLReporter -->
<testsuite ignored="0" hostname="TIAABCP-UNADDSI013L3904534" failures="0" tests="4" name="Test1" time="11.013" errors="0" timestamp="2024-10-11T19:29:23 IST">
  <testcase classname="TestNG.TestCase_Priority" name="openURL" time="6.212"/>
  <testcase classname="TestNG.TestCase_Priority" name="Verifylogo" time="3.066"/>
  <testcase classname="TestNG.TestCase_Priority" name="Login" time="1.531"/>
  <testcase classname="TestNG.TestCase_Priority" name="closeApp" time="0.191"/>
</testsuite> <!-- Test1 -->
