<?xml version="1.0" encoding="UTF-8"?>
<testng-results ignored="0" total="1" passed="1" failed="0" skipped="0">
  <reporter-output>
  </reporter-output>
  <suite started-at="2024-10-14T12:04:26 IST" name="Default suite" finished-at="2024-10-14T12:04:39 IST" duration-ms="12295">
    <groups>
    </groups>
    <test started-at="2024-10-14T12:04:26 IST" name="Default test" finished-at="2024-10-14T12:04:39 IST" duration-ms="12295">
      <class name="Day24POM.LoginTest">
        <test-method is-config="true" signature="setup()[pri:0, instance:Day24POM.LoginTest@5d0a1059]" started-at="2024-10-14T12:04:26 IST" name="setup" finished-at="2024-10-14T12:04:33 IST" duration-ms="6384" status="PASS">
          <reporter-output>
          </reporter-output>
        </test-method> <!-- setup -->
        <test-method signature="Login()[pri:0, instance:Day24POM.LoginTest@5d0a1059]" started-at="2024-10-14T12:04:33 IST" name="Login" finished-at="2024-10-14T12:04:38 IST" duration-ms="5702" status="PASS">
          <reporter-output>
          </reporter-output>
        </test-method> <!-- Login -->
        <test-method is-config="true" signature="closeB()[pri:0, instance:Day24POM.LoginTest@5d0a1059]" started-at="2024-10-14T12:04:38 IST" name="closeB" finished-at="2024-10-14T12:04:39 IST" duration-ms="183" status="PASS">
          <reporter-output>
          </reporter-output>
        </test-method> <!-- closeB -->
      </class> <!-- Day24POM.LoginTest -->
    </test> <!-- Default test -->
  </suite> <!-- Default suite -->
</testng-results>
